2021-07-14 16:12:17,221 INFO c.s.a.u.ReadJsonPerson [main] Read JSON Person to H2
2021-07-14 16:12:17,226 INFO c.s.a.u.ReadJsonPerson [main] Person saved to H2
2021-07-14 16:12:17,298 INFO c.s.a.u.ReadJsonFirestation [main] Read JSON FireStation to H2
2021-07-14 16:12:17,299 INFO c.s.a.u.ReadJsonFirestation [main] FireStation saved to H2
2021-07-14 16:12:17,314 INFO c.s.a.u.ReadJsonMedicalRecord [main] Read JSON MedicalRecord to H2
2021-07-14 16:12:17,317 INFO c.s.a.u.ReadJsonMedicalRecord [main] MedicalRecord saved to H2
2021-07-14 16:12:23,088 INFO c.s.a.c.PersonsController [http-nio-8080-exec-2]  SUCCESS CREATE /person 
2021-07-14 16:12:29,846 INFO c.s.a.c.PersonsController [http-nio-8080-exec-3]  SUCCESS READ ONE /person  
2021-07-14 16:12:37,705 INFO c.s.a.c.PersonsController [http-nio-8080-exec-4]  SUCCESS READ All /person 
2021-07-14 16:12:57,583 INFO c.s.a.c.MedicalsRecordsController [http-nio-8080-exec-5]  SUCCESS UPDATE /medicalRecord 
2021-07-14 16:13:20,071 INFO c.s.a.c.MedicalsRecordsController [http-nio-8080-exec-6] SUCCESS DELETE /medicalRecord 
2021-07-14 16:14:21,077 INFO c.s.a.c.MedicalsRecordsController [http-nio-8080-exec-9]  SUCCESS READ All /medicalRecord 
2021-07-14 16:15:11,290 INFO c.s.a.c.MedicalsRecordsController [http-nio-8080-exec-10] SUCCESS CREATE /medicalRecord 
2021-07-14 16:15:48,840 INFO c.s.a.c.MedicalsRecordsController [http-nio-8080-exec-2]  SUCCESS READ /medicalRecord
2021-07-14 16:15:58,318 INFO c.s.a.c.MedicalsRecordsController [http-nio-8080-exec-3]  SUCCESS READ All /medicalRecord 
2021-07-14 16:16:30,760 INFO c.s.a.c.MedicalsRecordsController [http-nio-8080-exec-4]  SUCCESS UPDATE /medicalRecord 
2021-07-14 16:16:43,011 INFO c.s.a.c.MedicalsRecordsController [http-nio-8080-exec-5] SUCCESS DELETE /medicalRecord 
2021-07-14 16:21:38,591 INFO c.s.a.c.PersonsController [http-nio-8080-exec-6]  SUCCESS /childAlert
2021-07-14 16:22:08,013 INFO c.s.a.c.PersonsController [http-nio-8080-exec-7]  SUCCESS /communityEmail
2021-07-14 16:22:41,648 INFO c.s.a.c.PersonsController [http-nio-8080-exec-8]  SUCCESS /fire
2021-07-14 16:22:59,822 INFO c.s.a.c.PersonsController [http-nio-8080-exec-9] SUCCESS /firestation?station
2021-07-14 16:25:00,255 INFO c.s.a.c.PersonsController [http-nio-8080-exec-2] SUCCESS /flood/stations
2021-07-14 16:25:29,455 INFO c.s.a.c.PersonsController [http-nio-8080-exec-3]  SUCCESS /personInfo
2021-07-14 16:25:48,876 INFO c.s.a.c.PersonsController [http-nio-8080-exec-4] SUCCESS /phoneAlert
2021-07-14 16:25:54,553 INFO c.s.a.c.PersonsController [http-nio-8080-exec-5] SUCCESS /phoneAlert
2021-07-14 16:26:00,427 INFO c.s.a.c.PersonsController [http-nio-8080-exec-6] SUCCESS /phoneAlert
2021-07-14 16:26:05,677 INFO c.s.a.c.PersonsController [http-nio-8080-exec-7] SUCCESS /phoneAlert
2021-07-14 16:26:15,900 ERROR c.s.a.c.PersonsController [http-nio-8080-exec-8] ERROR /phoneAlert
2021-07-14 16:26:34,671 INFO c.s.a.c.PersonsController [http-nio-8080-exec-9]  SUCCESS /personInfo
2021-07-14 16:26:44,252 ERROR c.s.a.c.PersonsController [http-nio-8080-exec-10] ERROR /personInfo
2021-07-14 16:26:59,945 ERROR c.s.a.c.PersonsController [http-nio-8080-exec-1] ERROR /flood/stations
2021-07-14 16:27:13,919 ERROR c.s.a.c.PersonsController [http-nio-8080-exec-2] ERROR /firestation?station
2021-07-14 16:27:30,446 ERROR c.s.a.c.PersonsController [http-nio-8080-exec-3] ERROR /fire
2021-07-14 16:27:44,231 ERROR c.s.a.c.PersonsController [http-nio-8080-exec-4] ERROR /communityEmail
2021-07-14 16:27:56,250 ERROR c.s.a.c.PersonsController [http-nio-8080-exec-5] ERROR /childAlert
